<?xml version="1.0" encoding="UTF-8"?>
<!-- Generated by org.testng.reporters.JUnitXMLReporter -->
<testsuite hostname="Hriday" ignored="2" name="sanity" tests="11" failures="0" timestamp="2022-05-08T10:59:17 CEST" time="111.984" errors="0">
  <testcase name="userShouldNavigateToSignInPageSuccessFully" time="3.228" classname="com.automation.testsuite.SignPageTest"/>
  <testcase name="verifyTheErrorMessageWithInValidCredentials" time="4.411" classname="com.automation.testsuite.SignPageTest"/>
  <testcase name="verifyTheErrorMessageWithInValidCredentials" time="2.417" classname="com.automation.testsuite.SignPageTest"/>
  <testcase name="verifyTheErrorMessageWithInValidCredentials" time="2.579" classname="com.automation.testsuite.SignPageTest"/>
  <testcase name="verifyTheErrorMessageWithInValidCredentials" time="2.553" classname="com.automation.testsuite.SignPageTest"/>
  <testcase name="verifyThatUserShouldCreateAccountSuccessfully" time="7.014" classname="com.automation.testsuite.CreateAccountPageTest"/>
  <testcase name="verifyUserShouldAddProductToTheCartSuccessfully" time="6.145" classname="com.automation.testsuite.WomenCategoryPageTest"/>
  <testcase name="verifyUserShouldAddProductToTheCartSuccessfully" time="9.229" classname="com.automation.testsuite.WomenCategoryPageTest"/>
  <testcase name="verifyUserShouldAddProductToTheCartSuccessfully" time="5.313" classname="com.automation.testsuite.WomenCategoryPageTest"/>
  <testcase name="verifyUserShouldAddProductToTheCartSuccessfully" time="5.075" classname="com.automation.testsuite.WomenCategoryPageTest"/>
  <testcase name="verifyUserShouldNavigateToWomenCategoryPageSuccessfully" time="1.546" classname="com.automation.testsuite.WomenCategoryPageTest"/>
  <testcase name="verifyThatUserShouldLogInSuccessFullyWithValidCredentials" time="0.0" classname="com.automation.testsuite.SignPageTest">
    <ignored/>
  </testcase> <!-- verifyThatUserShouldLogInSuccessFullyWithValidCredentials -->
  <testcase name="verifyThatUserShouldLogOutSuccessFully" time="0.0" classname="com.automation.testsuite.SignPageTest">
    <ignored/>
  </testcase> <!-- verifyThatUserShouldLogOutSuccessFully -->
</testsuite> <!-- sanity -->
