<?xml version="1.0" encoding="UTF-8"?>
<!-- Generated by org.testng.reporters.JUnitXMLReporter -->
<testsuite hostname="Hriday" ignored="3" name="homework-week-14-project-1" tests="1" failures="0" timestamp="2022-05-08T10:52:38 CEST" time="9.014" errors="0">
  <testcase name="userShouldNavigateToSignInPageSuccessFully" time="1.928" classname="com.automation.testsuite.SignPageTest"/>
  <testcase name="verifyThatUserShouldLogOutSuccessFully" time="0.0" classname="com.automation.testsuite.SignPageTest">
    <ignored/>
  </testcase> <!-- verifyThatUserShouldLogOutSuccessFully -->
  <testcase name="verifyThatUserShouldLogInSuccessFullyWithValidCredentials" time="0.0" classname="com.automation.testsuite.SignPageTest">
    <ignored/>
  </testcase> <!-- verifyThatUserShouldLogInSuccessFullyWithValidCredentials -->
  <testcase name="verifyTheErrorMessageWithInValidCredentials" time="0.0" classname="com.automation.testsuite.SignPageTest">
    <ignored/>
  </testcase> <!-- verifyTheErrorMessageWithInValidCredentials -->
</testsuite> <!-- homework-week-14-project-1 -->
