<?xml version="1.0" encoding="UTF-8"?>
<!-- Generated by org.testng.reporters.JUnitXMLReporter -->
<testsuite hostname="Hriday" ignored="0" name="sanity" tests="7" failures="0" timestamp="2022-05-08T10:09:20 CEST" time="126.189" errors="0">
  <testcase name="userShouldNavigateToSignInPageSuccessFully" time="15.092" classname="com.automation.testsuite.SignPageTest"/>
  <testcase name="verifyThatUserShouldLogInSuccessFullyWithValidCredentials" time="22.611" classname="com.automation.testsuite.SignPageTest"/>
  <testcase name="verifyThatUserShouldLogOutSuccessFully" time="10.164" classname="com.automation.testsuite.SignPageTest"/>
  <testcase name="verifyTheErrorMessageWithInValidCredentials" time="6.452" classname="com.automation.testsuite.SignPageTest"/>
  <testcase name="verifyTheErrorMessageWithInValidCredentials" time="2.892" classname="com.automation.testsuite.SignPageTest"/>
  <testcase name="verifyTheErrorMessageWithInValidCredentials" time="4.708" classname="com.automation.testsuite.SignPageTest"/>
  <testcase name="verifyTheErrorMessageWithInValidCredentials" time="3.935" classname="com.automation.testsuite.SignPageTest"/>
</testsuite> <!-- sanity -->
