<?xml version="1.0" encoding="UTF-8"?>
<testsuite name="regression"
           tests="7"
           failures="0"
           errors="0"
           skipped="0"
           time="28.076">
  <properties />
  
  
            <testcase name="verifyThatUserShouldLogOutSuccessFully" time="7.611" classname="com.automation.testsuite.SignPageTest" />
                <testcase name="userShouldNavigateToSignInPageSuccessFully" time="1.265" classname="com.automation.testsuite.SignPageTest" />
                <testcase name="verifyThatUserShouldLogInSuccessFullyWithValidCredentials" time="7.190" classname="com.automation.testsuite.SignPageTest" />
                <testcase name="verifyTheErrorMessageWithInValidCredentials" time="3.659" classname="com.automation.testsuite.SignPageTest" />
                <testcase name="verifyTheErrorMessageWithInValidCredentials" time="2.158" classname="com.automation.testsuite.SignPageTest" />
                <testcase name="verifyTheErrorMessageWithInValidCredentials" time="2.403" classname="com.automation.testsuite.SignPageTest" />
                <testcase name="verifyTheErrorMessageWithInValidCredentials" time="3.790" classname="com.automation.testsuite.SignPageTest" />
      
</testsuite>
